<?xml version="1.0" encoding="UTF-8"?>
<!-- Generated by org.testng.reporters.JUnitReportReporter -->
<testsuite skipped="0" hostname="Lakshmi" name="SampleTestNGPackage.TestClass001" tests="2" failures="0" timestamp="12 Dec 2018 02:55:38 GMT" time="0.026" errors="0">
  <testcase name="testMethod2" time="0.020" classname="SampleTestNGPackage.TestClass001"/>
  <testcase name="testMethod" time="0.006" classname="SampleTestNGPackage.TestClass001"/>
</testsuite> <!-- SampleTestNGPackage.TestClass001 -->
